2025-07-25 13:03:58:358 [31merror[39m: [31mCache get error:[39m
2025-07-25 13:03:58:358 [31merror[39m: [31mCache get error:[39m
2025-07-25 13:03:58:358 [31merror[39m: [31mCache set error:[39m
2025-07-25 13:03:58:358 [31merror[39m: [31mCache set error:[39m
2025-07-25 13:04:07:47 [31merror[39m: [31mCache get error:[39m
2025-07-25 13:04:07:47 [31merror[39m: [31mCache get error:[39m
2025-07-25 13:04:07:47 [31merror[39m: [31mCache set error:[39m
2025-07-25 13:04:07:47 [31merror[39m: [31mCache set error:[39m
2025-07-26 01:59:56:5956 [31merror[39m: [31mİlçeler getirilirken hata oluştu: Dynamic server usage: Route /api/ilceler couldn't be rendered statically because it used `nextUrl.searchParams`. See more info here: https://nextjs.org/docs/messages/dynamic-server-error[39m
2025-07-26 01:59:56:5956 [31merror[39m: [31mKategoriler getirilirken hata oluştu: [39m
[31mInvalid `prisma.kategoriler.findMany()` invocation:[39m


[31mThe table `main.kategoriler` does not exist in the current database.[39m
2025-07-26 01:59:56:5956 [31merror[39m: [31mSektörler getirilirken hata oluştu: [39m
[31mInvalid `prisma.sektorler.findMany()` invocation:[39m


[31mThe table `main.sektorler` does not exist in the current database.[39m
2025-07-26 01:59:56:5956 [31merror[39m: [31mİller getirilirken hata oluştu: [39m
[31mInvalid `prisma.iller.findMany()` invocation:[39m


[31mThe table `main.iller` does not exist in the current database.[39m
2025-07-26 12:31:49:3149 [31merror[39m: [31mİlçeler getirilirken hata oluştu: Dynamic server usage: Route /api/ilceler couldn't be rendered statically because it used `nextUrl.searchParams`. See more info here: https://nextjs.org/docs/messages/dynamic-server-error[39m
2025-07-26 12:31:49:3149 [31merror[39m: [31mİller getirilirken hata oluştu: [39m
[31mInvalid `prisma.iller.findMany()` invocation:[39m


[31mThe table `main.iller` does not exist in the current database.[39m
2025-07-26 12:31:49:3149 [31merror[39m: [31mKategoriler getirilirken hata oluştu: [39m
[31mInvalid `prisma.kategoriler.findMany()` invocation:[39m


[31mThe table `main.kategoriler` does not exist in the current database.[39m
2025-07-26 12:31:49:3149 [31merror[39m: [31mSektörler getirilirken hata oluştu: [39m
[31mInvalid `prisma.sektorler.findMany()` invocation:[39m


[31mThe table `main.sektorler` does not exist in the current database.[39m
